[14:43:40] [INIT] KubeJS 2001.6.5-build.16; MC 2001 forge
[14:43:40] [INIT] Loaded plugins:
[14:43:40] [INIT] - dev.latvian.mods.kubejs.forge.BuiltinKubeJSForgePlugin
[14:43:40] [INIT] - net.threetag.palladium.compat.kubejs.PalladiumKubeJSPlugin
[14:43:40] [INFO] example.js#5: Hello, World! (Loaded server scripts)
[14:43:40] [INFO] Loaded script server_scripts:example.js in 0.002 s
[14:43:40] [INFO] Loaded script addonpack_alienevo:kubejs_scripts/xp.js in 0.003 s
[14:43:40] [INFO] Loaded script addonpack_alienevo:kubejs_scripts/workbench_items.js in 0.003 s
[14:43:40] [INFO] Loaded script addonpack_alienevo:kubejs_scripts/workbench.js in 0.018 s
[14:43:40] [INFO] Loaded script addonpack_alienevo:kubejs_scripts/quick_change.js in 0.007 s
[14:43:40] [INFO] Loaded script addonpack_alienevo:kubejs_scripts/pod_loot.js in 0.003 s
[14:43:40] [INFO] Loaded script addonpack_alienevo:kubejs_scripts/playlist_command.js in 0.005 s
[14:43:40] [INFO] Loaded script addonpack_alienevo:kubejs_scripts/palladium_properties.js in 0.001 s
[14:43:40] [INFO] Loaded script addonpack_alienevo:kubejs_scripts/nbt_omnitrix.js in 0.0 s
[14:43:40] [INFO] Loaded script addonpack_alienevo:kubejs_scripts/level_command.js in 0.003 s
[14:43:40] [INFO] Loaded script addonpack_alienevo:kubejs_scripts/hit.js in 0.002 s
[14:43:40] [INFO] Loaded script addonpack_alienevo:kubejs_scripts/flammable_block.js in 0.0 s
[14:43:40] [INFO] Loaded script addonpack_alienevo:kubejs_scripts/failsafe.js in 0.003 s
[14:43:40] [INFO] Loaded script addonpack_alienevo:kubejs_scripts/code_hints.js in 0.002 s
[14:43:40] [INFO] Loaded script addonpack_alienevo:kubejs_scripts/break_block.js in 0.001 s
[14:43:40] [INFO] Loaded script addonpack_alienevo:kubejs_scripts/alien_death.js in 0.0 s
[14:43:40] [INFO] Loaded 16/16 KubeJS server scripts in 0.081 s with 0 errors and 0 warnings
[14:43:40] [INFO] Scripts loaded
[14:43:43] [INFO] [minecraft:block] Found 352 tags, added 9 objects, removed 0 objects
[14:43:43] [INFO] [minecraft:item] Found 417 tags, added 3 objects, removed 0 objects
[14:43:51] [INFO] Server resource reload complete!
